-------------------------------------------------------------------------------
Test set: com.bibliotech.service.DashboardServiceTest
-------------------------------------------------------------------------------
Tests run: 8, Failures: 2, Errors: 0, Skipped: 0, Time elapsed: 0.739 s <<< FAILURE! - in com.bibliotech.service.DashboardServiceTest
com.bibliotech.service.DashboardServiceTest.testEstatisticasComValorErrado  Time elapsed: 0.006 s  <<< FAILURE!
org.opentest4j.AssertionFailedError: Este teste deve falhar pois o valor esperado está incorreto ==> expected: <150> but was: <100>
	at org.junit.jupiter.api.AssertionFailureBuilder.build(AssertionFailureBuilder.java:151)
	at org.junit.jupiter.api.AssertionFailureBuilder.buildAndThrow(AssertionFailureBuilder.java:132)
	at org.junit.jupiter.api.AssertEquals.failNotEqual(AssertEquals.java:197)
	at org.junit.jupiter.api.AssertEquals.assertEquals(AssertEquals.java:182)
	at org.junit.jupiter.api.Assertions.assertEquals(Assertions.java:1156)
	at com.bibliotech.service.DashboardServiceTest.testEstatisticasComValorErrado(DashboardServiceTest.java:186)
	at java.base/java.lang.reflect.Method.invoke(Method.java:580)
	at java.base/java.util.ArrayList.forEach(ArrayList.java:1597)
	at java.base/java.util.ArrayList.forEach(ArrayList.java:1597)

com.bibliotech.service.DashboardServiceTest.testEmprestimosAtivosDeveriaConsiderarApenasAtivos  Time elapsed: 0.003 s  <<< FAILURE!
org.opentest4j.AssertionFailedError: RN-DASH: deveria contar apenas empréstimos ativos ==> expected: <20> but was: <30>
	at org.junit.jupiter.api.AssertionFailureBuilder.build(AssertionFailureBuilder.java:151)
	at org.junit.jupiter.api.AssertionFailureBuilder.buildAndThrow(AssertionFailureBuilder.java:132)
	at org.junit.jupiter.api.AssertEquals.failNotEqual(AssertEquals.java:197)
	at org.junit.jupiter.api.AssertEquals.assertEquals(AssertEquals.java:182)
	at org.junit.jupiter.api.Assertions.assertEquals(Assertions.java:1156)
	at com.bibliotech.service.DashboardServiceTest.testEmprestimosAtivosDeveriaConsiderarApenasAtivos(DashboardServiceTest.java:145)
	at java.base/java.lang.reflect.Method.invoke(Method.java:580)
	at java.base/java.util.ArrayList.forEach(ArrayList.java:1597)
	at java.base/java.util.ArrayList.forEach(ArrayList.java:1597)

